#
# There is insufficient memory for the Java Runtime Environment to continue.
# Native memory allocation (mmap) failed to map 132120576 bytes for Failed to commit area from 0x0000000083200000 to 0x000000008b000000 of length 132120576.
# Possible reasons:
#   The system is out of physical RAM or swap space
#   The process is running with CompressedOops enabled, and the Java Heap may be blocking the growth of the native heap
# Possible solutions:
#   Reduce memory load on the system
#   Increase physical memory or swap space
#   Check if swap backing store is full
#   Decrease Java heap size (-Xmx/-Xms)
#   Decrease number of Java threads
#   Decrease Java thread stack sizes (-Xss)
#   Set larger code cache with -XX:ReservedCodeCacheSize=
# This output file may be truncated or incomplete.
#
#  Out of Memory Error (src/hotspot/os/windows/os_windows.cpp:3624), pid=7644, tid=13784
#
# JRE version:  (11.0.14.1+1) (build )
# Java VM: OpenJDK 64-Bit Server VM (11.0.14.1+1-b2043.45, mixed mode, sharing, tiered, compressed oops, g1 gc, windows-amd64)
# No core dump will be written. Minidumps are not enabled by default on client versions of Windows
#

---------------  S U M M A R Y ------------

Command Line: git4idea.http.GitAskPassApp Username for 'https://github.com': 

Host: Intel(R) Core(TM) i3-6006U CPU @ 2.00GHz, 4 cores, 7G,  Windows 10 , 64 bit Build 19041 (10.0.19041.1741)
Time: Sat Jun 18 14:24:50 2022 Maroc (heure d’été) elapsed time: 0.075312 seconds (0d 0h 0m 0s)

---------------  T H R E A D  ---------------

Current thread (0x000001e81209b000):  JavaThread "Unknown thread" [_thread_in_vm, id=13784, stack(0x0000005396700000,0x0000005396800000)]

Stack: [0x0000005396700000,0x0000005396800000]
Native frames: (J=compiled Java code, j=interpreted, Vv=VM code, C=native code)
V  [jvm.dll+0x61618a]
V  [jvm.dll+0x79c450]
V  [jvm.dll+0x79da6d]
V  [jvm.dll+0x79e143]
V  [jvm.dll+0x24c968]
V  [jvm.dll+0x6131f4]
V  [jvm.dll+0x607ef5]
V  [jvm.dll+0x30b35b]
V  [jvm.dll+0x30b2ca]
V  [jvm.dll+0x30b1a2]
V  [jvm.dll+0x3100f6]
V  [jvm.dll+0x35b7e3]
V  [jvm.dll+0x35bee6]
V  [jvm.dll+0x35b8e3]
V  [jvm.dll+0x2e5b68]
V  [jvm.dll+0x2e6d17]
V  [jvm.dll+0x779087]
V  [jvm.dll+0x77a87c]
V  [jvm.dll+0x368d99]
V  [jvm.dll+0x75c9de]
V  [jvm.dll+0x3d6d53]
V  [jvm.dll+0x3d92f1]
C  [jli.dll+0x536b]
C  [ucrtbase.dll+0x21bb2]
C  [KERNEL32.DLL+0x17034]
C  [ntdll.dll+0x52651]


---------------  P R O C E S S  ---------------

Threads class SMR info:
_java_thread_list=0x000001e810790140, length=0, elements={
}

Java Threads: ( => current thread )

Other Threads:
  0x000001e8120b5000 GCTaskThread "GC Thread#0" [stack: 0x0000005396800000,0x0000005396900000] [id=8128]
  0x000001e8120e5000 ConcurrentGCThread "G1 Main Marker" [stack: 0x0000005396900000,0x0000005396a00000] [id=13516]
  0x000001e8120e6800 ConcurrentGCThread "G1 Conc#0" [stack: 0x0000005396a00000,0x0000005396b00000] [id=8028]

[error occurred during error reporting (printing all threads), id 0xc0000005, EXCEPTION_ACCESS_VIOLATION (0xc0000005) at pc=0x00007ffb674f6177]

VM state:not at safepoint (not fully initialized)

VM Mutex/Monitor currently owned by a thread:  ([mutex/lock_event])
[0x000001e812097ad0] Heap_lock - owner thread: 0x000001e81209b000

Heap address: 0x0000000083200000, size: 1998 MB, Compressed Oops mode: Non-zero based: 0x0000000083200000
Narrow klass base: 0x0000000000000000, Narrow klass shift: 0

GC Heap History (0 events):
No events

Deoptimization events (0 events):
No events

Classes redefined (0 events):
No events

Internal exceptions (0 events):
No events

Events (1 events):
Event: 0.049 Loaded shared library C:\Program Files\JetBrains\IntelliJ IDEA 2022.1.1\jbr\bin\zip.dll


Dynamic libraries:
0x00007ff62ca20000 - 0x00007ff62ca2a000 	C:\Program Files\JetBrains\IntelliJ IDEA 2022.1.1\jbr\bin\java.exe
0x00007ffbbec70000 - 0x00007ffbbee67000 	C:\WINDOWS\SYSTEM32\ntdll.dll
0x00007ffbbcd80000 - 0x00007ffbbce3d000 	C:\WINDOWS\System32\KERNEL32.DLL
0x00007ffbbc960000 - 0x00007ffbbcc2d000 	C:\WINDOWS\System32\KERNELBASE.dll
0x00007ffbbc400000 - 0x00007ffbbc500000 	C:\WINDOWS\System32\ucrtbase.dll
0x00007ffba0430000 - 0x00007ffba0449000 	C:\Program Files\JetBrains\IntelliJ IDEA 2022.1.1\jbr\bin\jli.dll
0x00007ffbbd110000 - 0x00007ffbbd2b0000 	C:\WINDOWS\System32\USER32.dll
0x00007ffbbc770000 - 0x00007ffbbc792000 	C:\WINDOWS\System32\win32u.dll
0x00007ffbbec00000 - 0x00007ffbbec2a000 	C:\WINDOWS\System32\GDI32.dll
0x00007ffbbc850000 - 0x00007ffbbc95b000 	C:\WINDOWS\System32\gdi32full.dll
0x00007ffbbcc30000 - 0x00007ffbbcccd000 	C:\WINDOWS\System32\msvcp_win.dll
0x00007ffb9e370000 - 0x00007ffb9e386000 	C:\Program Files\JetBrains\IntelliJ IDEA 2022.1.1\jbr\bin\VCRUNTIME140.dll
0x00007ffba8170000 - 0x00007ffba840a000 	C:\WINDOWS\WinSxS\amd64_microsoft.windows.common-controls_6595b64144ccf1df_6.0.19041.1110_none_60b5254171f9507e\COMCTL32.dll
0x00007ffbbccd0000 - 0x00007ffbbcd6e000 	C:\WINDOWS\System32\msvcrt.dll
0x00007ffbbd970000 - 0x00007ffbbd9a0000 	C:\WINDOWS\System32\IMM32.DLL
0x00007ffb84070000 - 0x00007ffb8411a000 	C:\Program Files\JetBrains\IntelliJ IDEA 2022.1.1\jbr\bin\msvcp140.dll
0x00007ffb67200000 - 0x00007ffb67d7a000 	C:\Program Files\JetBrains\IntelliJ IDEA 2022.1.1\jbr\bin\server\jvm.dll
0x00007ffbbeb50000 - 0x00007ffbbebfe000 	C:\WINDOWS\System32\ADVAPI32.dll
0x00007ffbbd9a0000 - 0x00007ffbbda3c000 	C:\WINDOWS\System32\sechost.dll
0x00007ffbbe2c0000 - 0x00007ffbbe3e5000 	C:\WINDOWS\System32\RPCRT4.dll
0x00007ffbbd4e0000 - 0x00007ffbbd4e8000 	C:\WINDOWS\System32\PSAPI.DLL
0x00007ffba2600000 - 0x00007ffba2609000 	C:\WINDOWS\SYSTEM32\WSOCK32.dll
0x00007ffbbe510000 - 0x00007ffbbe57b000 	C:\WINDOWS\System32\WS2_32.dll
0x00007ffba0d00000 - 0x00007ffba0d27000 	C:\WINDOWS\SYSTEM32\WINMM.dll
0x00007ffbaa370000 - 0x00007ffbaa37a000 	C:\WINDOWS\SYSTEM32\VERSION.dll
0x00007ffbba250000 - 0x00007ffbba262000 	C:\WINDOWS\SYSTEM32\kernel.appcore.dll
0x00007ffba9570000 - 0x00007ffba9581000 	C:\Program Files\JetBrains\IntelliJ IDEA 2022.1.1\jbr\bin\verify.dll
0x00007ffbb47d0000 - 0x00007ffbb49b4000 	C:\WINDOWS\SYSTEM32\DBGHELP.DLL
0x00007ffbb4780000 - 0x00007ffbb47ac000 	C:\WINDOWS\SYSTEM32\dbgcore.DLL
0x00007ffbbc580000 - 0x00007ffbbc602000 	C:\WINDOWS\System32\bcryptPrimitives.dll
0x00007ffba7880000 - 0x00007ffba78a9000 	C:\Program Files\JetBrains\IntelliJ IDEA 2022.1.1\jbr\bin\java.dll
0x00007ffbb5010000 - 0x00007ffbb501b000 	C:\Program Files\JetBrains\IntelliJ IDEA 2022.1.1\jbr\bin\jimage.dll
0x00007ffba7900000 - 0x00007ffba7919000 	C:\Program Files\JetBrains\IntelliJ IDEA 2022.1.1\jbr\bin\zip.dll

dbghelp: loaded successfully - version: 4.0.5 - missing functions: none
symbol engine: initialized successfully - sym options: 0x614 - pdb path: .;C:\Program Files\JetBrains\IntelliJ IDEA 2022.1.1\jbr\bin;C:\WINDOWS\SYSTEM32;C:\WINDOWS\WinSxS\amd64_microsoft.windows.common-controls_6595b64144ccf1df_6.0.19041.1110_none_60b5254171f9507e;C:\Program Files\JetBrains\IntelliJ IDEA 2022.1.1\jbr\bin\server

VM Arguments:
java_command: git4idea.http.GitAskPassApp Username for 'https://github.com': 
java_class_path (initial): C:/Program Files/JetBrains/IntelliJ IDEA 2022.1.1/plugins/git4idea/lib/git4idea-rt.jar;C:/Program Files/JetBrains/IntelliJ IDEA 2022.1.1/lib/externalProcess-rt.jar;C:/Program Files/JetBrains/IntelliJ IDEA 2022.1.1/lib/app.jar;C:/Program Files/JetBrains/IntelliJ IDEA 2022.1.1/lib/3rd-party-rt.jar
Launcher Type: SUN_STANDARD

[Global flags]
     intx CICompilerCount                          = 3                                         {product} {ergonomic}
     uint ConcGCThreads                            = 1                                         {product} {ergonomic}
     uint G1ConcRefinementThreads                  = 4                                         {product} {ergonomic}
   size_t G1HeapRegionSize                         = 1048576                                   {product} {ergonomic}
    uintx GCDrainStackTargetSize                   = 64                                        {product} {ergonomic}
   size_t InitialHeapSize                          = 132120576                                 {product} {ergonomic}
   size_t MarkStackSize                            = 4194304                                   {product} {ergonomic}
   size_t MaxHeapSize                              = 2095054848                                {product} {ergonomic}
   size_t MinHeapDeltaBytes                        = 1048576                                   {product} {ergonomic}
    uintx NonNMethodCodeHeapSize                   = 5830732                                {pd product} {ergonomic}
    uintx NonProfiledCodeHeapSize                  = 122913754                              {pd product} {ergonomic}
    uintx ProfiledCodeHeapSize                     = 122913754                              {pd product} {ergonomic}
    uintx ReservedCodeCacheSize                    = 251658240                              {pd product} {ergonomic}
     bool SegmentedCodeCache                       = true                                      {product} {ergonomic}
     bool UseCompressedClassPointers               = true                                 {lp64_product} {ergonomic}
     bool UseCompressedOops                        = true                                 {lp64_product} {ergonomic}
     bool UseG1GC                                  = true                                      {product} {ergonomic}
     bool UseLargePagesIndividualAllocation        = false                                  {pd product} {ergonomic}

Logging:
Log output configuration:
 #0: stdout all=warning uptime,level,tags
 #1: stderr all=off uptime,level,tags

Environment Variables:
PATH=C:\Program Files\Git\mingw64\libexec\git-core;C:\Program Files\Git\mingw64\libexec\git-core;C:\Program Files\Git\mingw64\bin;C:\Program Files\Git\usr\bin;C:\Users\fouad\bin;C:\Python27;C:\Python27\Scripts;C:\WINDOWS\system32;C:\WINDOWS;C:\WINDOWS\System32\Wbem;C:\WINDOWS\System32\WindowsPowerShell\v1.0;C:\WINDOWS\System32\OpenSSH;C:\Program Files\Git\cmd;C:\Program Files (x86)\BaseX\bin;C:\Program Files\Docker\Docker\resources\bin;C:\ProgramData\DockerDesktop\version-bin;C:\Program Files\nodejs;C:\Users\fouad\AppData\Local\Microsoft\WindowsApps;C:\MyWAMP\Apache24\bin;C:\Users\fouad\AppData\Local\Programs\Python\Python310;C:\MyWAMP\mysql\bin;C:\Users\fouad\AppData\Local\Programs\Microsoft VS Code\bin;C:\Program Files\Git\usr\bin;C:\Program Files\Java\jdk-17.0.3\bin;C:\Program Files\JetBrains\IntelliJ IDEA 2022.1.1\bin;C:\environnement\maven\apache-maven-3.8.5\bin;C:\environnement\maven\apache-maven-3.8.5\bin;C:\Users\fouad\AppData\Roaming\npm
USERNAME=fouad
DISPLAY=:0.0
LC_ALL=en_US.UTF-8
OS=Windows_NT
PROCESSOR_IDENTIFIER=Intel64 Family 6 Model 78 Stepping 3, GenuineIntel



---------------  S Y S T E M  ---------------

OS: Windows 10 , 64 bit Build 19041 (10.0.19041.1741)
OS uptime: 1 days 2:39 hours
Hyper-V role detected

CPU:total 4 (initial active 4) (2 cores per cpu, 2 threads per core) family 6 model 78 stepping 3 microcode 0xdc, cmov, cx8, fxsr, mmx, sse, sse2, sse3, ssse3, sse4.1, sse4.2, popcnt, avx, avx2, aes, clmul, erms, 3dnowpref, lzcnt, ht, tsc, tscinvbit, bmi1, bmi2, adx, fma

Memory: 4k page, system-wide physical 7988M (377M free)
TotalPageFile size 23142M (AvailPageFile size 83M)
current process WorkingSet (physical memory assigned to process): 10M, peak: 10M
current process commit charge ("private bytes"): 51M, peak: 177M

vm_info: OpenJDK 64-Bit Server VM (11.0.14.1+1-b2043.45) for windows-amd64 JRE (11.0.14.1+1-b2043.45), built on Apr 25 2022 05:49:45 by "" with MS VC++ 14.0 (VS2015)

END.
